<?xml version="1.0" encoding="UTF-8"?>
<!-- Generated by org.testng.reporters.JUnitReportReporter -->
<testsuite hostname="Blashchuks-MacBook-Pro.local" failures="0" tests="3" name="Calculation" time="0.005" errors="0" timestamp="2023-02-26T12:38:21 EET" skipped="0">
  <testcase classname="Calculation" name="subtraction" time="0.001"/>
  <system-out/>
  <testcase classname="Calculation" name="subtraction" time="0.000"/>
  <system-out/>
  <testcase classname="Calculation" name="subtraction" time="0.004"/>
  <system-out/>
</testsuite> <!-- Calculation -->
