<?xml version="1.0" encoding="UTF-8"?>
<!-- Generated by org.testng.reporters.JUnitReportReporter -->
<testsuite hostname="Blashchuks-MacBook-Pro.local" failures="0" tests="1" name="finalAutomationFramework.tests.RozetkaTest" time="45.974" errors="0" timestamp="2023-04-15T19:02:08 EEST" skipped="0">
  <testcase classname="finalAutomationFramework.tests.RozetkaTest" name="checkPrices" time="45.974"/>
  <system-out/>
</testsuite> <!-- finalAutomationFramework.tests.RozetkaTest -->
