<?xml version="1.0" encoding="UTF-8"?>
<!-- Generated by org.testng.reporters.JUnitReportReporter -->
<testsuite hostname="Blashchuks-MacBook-Pro.local" failures="0" tests="2" name="finalAutomationFramework.tests.RozetkaTest" time="93.285" errors="0" timestamp="2023-04-14T23:09:37 EEST" skipped="0">
  <testcase classname="finalAutomationFramework.tests.RozetkaTest" name="checkScreenSize" time="47.609"/>
  <system-out/>
  <testcase classname="finalAutomationFramework.tests.RozetkaTest" name="checkPrices" time="45.676"/>
  <system-out/>
</testsuite> <!-- finalAutomationFramework.tests.RozetkaTest -->
