<?xml version="1.0" encoding="UTF-8"?>
<testsuite xmlns:xsi="http://www.w3.org/2001/XMLSchema-instance" xsi:noNamespaceSchemaLocation="https://maven.apache.org/surefire/maven-surefire-plugin/xsd/surefire-test-report-3.0.xsd" version="3.0" name="TestSuite" time="0.232" tests="3" errors="0" skipped="0" failures="0">
  <properties>
    <property name="java.specification.version" value="19"/>
    <property name="sun.jnu.encoding" value="UTF-8"/>
    <property name="java.class.path" value="/Users/blashchukstas/Desktop/AQA/Homework Automation/GitHub_Project/target/test-classes:/Users/blashchukstas/Desktop/AQA/Homework Automation/GitHub_Project/target/classes:/Users/blashchukstas/.m2/repository/org/testng/testng/7.4.0/testng-7.4.0.jar:/Users/blashchukstas/.m2/repository/com/beust/jcommander/1.78/jcommander-1.78.jar:/Users/blashchukstas/.m2/repository/org/webjars/jquery/3.5.1/jquery-3.5.1.jar:/Users/blashchukstas/.m2/repository/org/slf4j/slf4j-api/2.0.6/slf4j-api-2.0.6.jar:/Users/blashchukstas/.m2/repository/ch/qos/logback/logback-classic/1.4.5/logback-classic-1.4.5.jar:/Users/blashchukstas/.m2/repository/ch/qos/logback/logback-core/1.4.5/logback-core-1.4.5.jar:/Users/blashchukstas/.m2/repository/org/apache/maven/plugins/maven-checkstyle-plugin/3.1.2/maven-checkstyle-plugin-3.1.2.jar:/Users/blashchukstas/.m2/repository/org/apache/maven/maven-artifact/3.0/maven-artifact-3.0.jar:/Users/blashchukstas/.m2/repository/org/apache/maven/maven-core/3.0/maven-core-3.0.jar:/Users/blashchukstas/.m2/repository/org/apache/maven/maven-settings/3.0/maven-settings-3.0.jar:/Users/blashchukstas/.m2/repository/org/apache/maven/maven-settings-builder/3.0/maven-settings-builder-3.0.jar:/Users/blashchukstas/.m2/repository/org/apache/maven/maven-repository-metadata/3.0/maven-repository-metadata-3.0.jar:/Users/blashchukstas/.m2/repository/org/apache/maven/maven-model-builder/3.0/maven-model-builder-3.0.jar:/Users/blashchukstas/.m2/repository/org/apache/maven/maven-aether-provider/3.0/maven-aether-provider-3.0.jar:/Users/blashchukstas/.m2/repository/org/sonatype/aether/aether-impl/1.7/aether-impl-1.7.jar:/Users/blashchukstas/.m2/repository/org/sonatype/aether/aether-spi/1.7/aether-spi-1.7.jar:/Users/blashchukstas/.m2/repository/org/sonatype/aether/aether-api/1.7/aether-api-1.7.jar:/Users/blashchukstas/.m2/repository/org/sonatype/aether/aether-util/1.7/aether-util-1.7.jar:/Users/blashchukstas/.m2/repository/org/sonatype/sisu/sisu-inject-plexus/1.4.2/sisu-inject-plexus-1.4.2.jar:/Users/blashchukstas/.m2/repository/org/sonatype/sisu/sisu-inject-bean/1.4.2/sisu-inject-bean-1.4.2.jar:/Users/blashchukstas/.m2/repository/org/sonatype/sisu/sisu-guice/2.1.7/sisu-guice-2.1.7-noaop.jar:/Users/blashchukstas/.m2/repository/org/codehaus/plexus/plexus-classworlds/2.2.3/plexus-classworlds-2.2.3.jar:/Users/blashchukstas/.m2/repository/org/sonatype/plexus/plexus-sec-dispatcher/1.3/plexus-sec-dispatcher-1.3.jar:/Users/blashchukstas/.m2/repository/org/sonatype/plexus/plexus-cipher/1.4/plexus-cipher-1.4.jar:/Users/blashchukstas/.m2/repository/org/apache/maven/maven-model/3.0/maven-model-3.0.jar:/Users/blashchukstas/.m2/repository/org/apache/maven/maven-plugin-api/3.0/maven-plugin-api-3.0.jar:/Users/blashchukstas/.m2/repository/org/apache/maven/reporting/maven-reporting-api/3.0/maven-reporting-api-3.0.jar:/Users/blashchukstas/.m2/repository/org/apache/maven/reporting/maven-reporting-impl/2.3/maven-reporting-impl-2.3.jar:/Users/blashchukstas/.m2/repository/org/apache/maven/shared/maven-shared-utils/0.6/maven-shared-utils-0.6.jar:/Users/blashchukstas/.m2/repository/com/google/code/findbugs/jsr305/2.0.1/jsr305-2.0.1.jar:/Users/blashchukstas/.m2/repository/org/apache/maven/doxia/doxia-core/1.2/doxia-core-1.2.jar:/Users/blashchukstas/.m2/repository/xerces/xercesImpl/2.9.1/xercesImpl-2.9.1.jar:/Users/blashchukstas/.m2/repository/xml-apis/xml-apis/1.3.04/xml-apis-1.3.04.jar:/Users/blashchukstas/.m2/repository/org/apache/httpcomponents/httpclient/4.0.2/httpclient-4.0.2.jar:/Users/blashchukstas/.m2/repository/org/apache/httpcomponents/httpcore/4.0.1/httpcore-4.0.1.jar:/Users/blashchukstas/.m2/repository/commons-codec/commons-codec/1.3/commons-codec-1.3.jar:/Users/blashchukstas/.m2/repository/commons-validator/commons-validator/1.3.1/commons-validator-1.3.1.jar:/Users/blashchukstas/.m2/repository/commons-digester/commons-digester/1.6/commons-digester-1.6.jar:/Users/blashchukstas/.m2/repository/commons-logging/commons-logging/1.0.4/commons-logging-1.0.4.jar:/Users/blashchukstas/.m2/repository/org/apache/maven/doxia/doxia-sink-api/1.4/doxia-sink-api-1.4.jar:/Users/blashchukstas/.m2/repository/org/apache/maven/doxia/doxia-logging-api/1.4/doxia-logging-api-1.4.jar:/Users/blashchukstas/.m2/repository/org/apache/maven/doxia/doxia-decoration-model/1.4/doxia-decoration-model-1.4.jar:/Users/blashchukstas/.m2/repository/org/apache/maven/doxia/doxia-site-renderer/1.4/doxia-site-renderer-1.4.jar:/Users/blashchukstas/.m2/repository/org/apache/maven/doxia/doxia-module-xhtml/1.4/doxia-module-xhtml-1.4.jar:/Users/blashchukstas/.m2/repository/org/apache/maven/doxia/doxia-module-fml/1.4/doxia-module-fml-1.4.jar:/Users/blashchukstas/.m2/repository/org/codehaus/plexus/plexus-i18n/1.0-beta-7/plexus-i18n-1.0-beta-7.jar:/Users/blashchukstas/.m2/repository/org/apache/velocity/velocity-tools/2.0/velocity-tools-2.0.jar:/Users/blashchukstas/.m2/repository/commons-chain/commons-chain/1.1/commons-chain-1.1.jar:/Users/blashchukstas/.m2/repository/dom4j/dom4j/1.1/dom4j-1.1.jar:/Users/blashchukstas/.m2/repository/oro/oro/2.0.8/oro-2.0.8.jar:/Users/blashchukstas/.m2/repository/sslext/sslext/1.2-0/sslext-1.2-0.jar:/Users/blashchukstas/.m2/repository/org/apache/struts/struts-core/1.3.8/struts-core-1.3.8.jar:/Users/blashchukstas/.m2/repository/org/apache/struts/struts-taglib/1.3.8/struts-taglib-1.3.8.jar:/Users/blashchukstas/.m2/repository/org/apache/struts/struts-tiles/1.3.8/struts-tiles-1.3.8.jar:/Users/blashchukstas/.m2/repository/commons-collections/commons-collections/3.2.1/commons-collections-3.2.1.jar:/Users/blashchukstas/.m2/repository/org/apache/maven/doxia/doxia-integration-tools/1.6/doxia-integration-tools-1.6.jar:/Users/blashchukstas/.m2/repository/commons-io/commons-io/1.4/commons-io-1.4.jar:/Users/blashchukstas/.m2/repository/org/codehaus/plexus/plexus-container-default/1.0-alpha-9/plexus-container-default-1.0-alpha-9.jar:/Users/blashchukstas/.m2/repository/junit/junit/3.8.1/junit-3.8.1.jar:/Users/blashchukstas/.m2/repository/classworlds/classworlds/1.1-alpha-2/classworlds-1.1-alpha-2.jar:/Users/blashchukstas/.m2/repository/org/codehaus/plexus/plexus-component-annotations/2.0.0/plexus-component-annotations-2.0.0.jar:/Users/blashchukstas/.m2/repository/org/codehaus/plexus/plexus-resources/1.1.0/plexus-resources-1.1.0.jar:/Users/blashchukstas/.m2/repository/org/codehaus/plexus/plexus-utils/3.3.0/plexus-utils-3.3.0.jar:/Users/blashchukstas/.m2/repository/org/codehaus/plexus/plexus-interpolation/1.26/plexus-interpolation-1.26.jar:/Users/blashchukstas/.m2/repository/org/codehaus/plexus/plexus-velocity/1.2/plexus-velocity-1.2.jar:/Users/blashchukstas/.m2/repository/com/puppycrawl/tools/checkstyle/8.29/checkstyle-8.29.jar:/Users/blashchukstas/.m2/repository/info/picocli/picocli/4.1.4/picocli-4.1.4.jar:/Users/blashchukstas/.m2/repository/antlr/antlr/2.7.7/antlr-2.7.7.jar:/Users/blashchukstas/.m2/repository/org/antlr/antlr4-runtime/4.8-1/antlr4-runtime-4.8-1.jar:/Users/blashchukstas/.m2/repository/commons-beanutils/commons-beanutils/1.9.4/commons-beanutils-1.9.4.jar:/Users/blashchukstas/.m2/repository/com/google/guava/guava/28.2-jre/guava-28.2-jre.jar:/Users/blashchukstas/.m2/repository/com/google/guava/failureaccess/1.0.1/failureaccess-1.0.1.jar:/Users/blashchukstas/.m2/repository/com/google/guava/listenablefuture/9999.0-empty-to-avoid-conflict-with-guava/listenablefuture-9999.0-empty-to-avoid-conflict-with-guava.jar:/Users/blashchukstas/.m2/repository/org/checkerframework/checker-qual/2.10.0/checker-qual-2.10.0.jar:/Users/blashchukstas/.m2/repository/com/google/errorprone/error_prone_annotations/2.3.4/error_prone_annotations-2.3.4.jar:/Users/blashchukstas/.m2/repository/com/google/j2objc/j2objc-annotations/1.3/j2objc-annotations-1.3.jar:/Users/blashchukstas/.m2/repository/net/sf/saxon/Saxon-HE/9.9.1-6/Saxon-HE-9.9.1-6.jar:/Users/blashchukstas/.m2/repository/org/apache/velocity/velocity/1.7/velocity-1.7.jar:/Users/blashchukstas/.m2/repository/commons-lang/commons-lang/2.4/commons-lang-2.4.jar:/Users/blashchukstas/.m2/repository/javax/xml/bind/jaxb-api/2.3.1/jaxb-api-2.3.1.jar:/Users/blashchukstas/.m2/repository/javax/activation/javax.activation-api/1.2.0/javax.activation-api-1.2.0.jar:"/>
    <property name="java.vm.vendor" value="Homebrew"/>
    <property name="sun.arch.data.model" value="64"/>
    <property name="java.vendor.url" value="https://github.com/Homebrew/homebrew-core/issues"/>
    <property name="user.timezone" value="Europe/Kiev"/>
    <property name="os.name" value="Mac OS X"/>
    <property name="java.vm.specification.version" value="19"/>
    <property name="sun.java.launcher" value="SUN_STANDARD"/>
    <property name="user.country" value="UA"/>
    <property name="sun.boot.library.path" value="/opt/homebrew/Cellar/openjdk/19.0.2/libexec/openjdk.jdk/Contents/Home/lib"/>
    <property name="sun.java.command" value="/Users/blashchukstas/Desktop/AQA/Homework Automation/GitHub_Project/target/surefire/surefirebooter-20230226120348739_3.jar /Users/blashchukstas/Desktop/AQA/Homework Automation/GitHub_Project/target/surefire 2023-02-26T12-03-48_621-jvmRun1 surefire-20230226120348739_1tmp surefire_0-20230226120348739_2tmp"/>
    <property name="http.nonProxyHosts" value="local|*.local|169.254/16|*.169.254/16"/>
    <property name="jdk.debug" value="release"/>
    <property name="surefire.test.class.path" value="/Users/blashchukstas/Desktop/AQA/Homework Automation/GitHub_Project/target/test-classes:/Users/blashchukstas/Desktop/AQA/Homework Automation/GitHub_Project/target/classes:/Users/blashchukstas/.m2/repository/org/testng/testng/7.4.0/testng-7.4.0.jar:/Users/blashchukstas/.m2/repository/com/beust/jcommander/1.78/jcommander-1.78.jar:/Users/blashchukstas/.m2/repository/org/webjars/jquery/3.5.1/jquery-3.5.1.jar:/Users/blashchukstas/.m2/repository/org/slf4j/slf4j-api/2.0.6/slf4j-api-2.0.6.jar:/Users/blashchukstas/.m2/repository/ch/qos/logback/logback-classic/1.4.5/logback-classic-1.4.5.jar:/Users/blashchukstas/.m2/repository/ch/qos/logback/logback-core/1.4.5/logback-core-1.4.5.jar:/Users/blashchukstas/.m2/repository/org/apache/maven/plugins/maven-checkstyle-plugin/3.1.2/maven-checkstyle-plugin-3.1.2.jar:/Users/blashchukstas/.m2/repository/org/apache/maven/maven-artifact/3.0/maven-artifact-3.0.jar:/Users/blashchukstas/.m2/repository/org/apache/maven/maven-core/3.0/maven-core-3.0.jar:/Users/blashchukstas/.m2/repository/org/apache/maven/maven-settings/3.0/maven-settings-3.0.jar:/Users/blashchukstas/.m2/repository/org/apache/maven/maven-settings-builder/3.0/maven-settings-builder-3.0.jar:/Users/blashchukstas/.m2/repository/org/apache/maven/maven-repository-metadata/3.0/maven-repository-metadata-3.0.jar:/Users/blashchukstas/.m2/repository/org/apache/maven/maven-model-builder/3.0/maven-model-builder-3.0.jar:/Users/blashchukstas/.m2/repository/org/apache/maven/maven-aether-provider/3.0/maven-aether-provider-3.0.jar:/Users/blashchukstas/.m2/repository/org/sonatype/aether/aether-impl/1.7/aether-impl-1.7.jar:/Users/blashchukstas/.m2/repository/org/sonatype/aether/aether-spi/1.7/aether-spi-1.7.jar:/Users/blashchukstas/.m2/repository/org/sonatype/aether/aether-api/1.7/aether-api-1.7.jar:/Users/blashchukstas/.m2/repository/org/sonatype/aether/aether-util/1.7/aether-util-1.7.jar:/Users/blashchukstas/.m2/repository/org/sonatype/sisu/sisu-inject-plexus/1.4.2/sisu-inject-plexus-1.4.2.jar:/Users/blashchukstas/.m2/repository/org/sonatype/sisu/sisu-inject-bean/1.4.2/sisu-inject-bean-1.4.2.jar:/Users/blashchukstas/.m2/repository/org/sonatype/sisu/sisu-guice/2.1.7/sisu-guice-2.1.7-noaop.jar:/Users/blashchukstas/.m2/repository/org/codehaus/plexus/plexus-classworlds/2.2.3/plexus-classworlds-2.2.3.jar:/Users/blashchukstas/.m2/repository/org/sonatype/plexus/plexus-sec-dispatcher/1.3/plexus-sec-dispatcher-1.3.jar:/Users/blashchukstas/.m2/repository/org/sonatype/plexus/plexus-cipher/1.4/plexus-cipher-1.4.jar:/Users/blashchukstas/.m2/repository/org/apache/maven/maven-model/3.0/maven-model-3.0.jar:/Users/blashchukstas/.m2/repository/org/apache/maven/maven-plugin-api/3.0/maven-plugin-api-3.0.jar:/Users/blashchukstas/.m2/repository/org/apache/maven/reporting/maven-reporting-api/3.0/maven-reporting-api-3.0.jar:/Users/blashchukstas/.m2/repository/org/apache/maven/reporting/maven-reporting-impl/2.3/maven-reporting-impl-2.3.jar:/Users/blashchukstas/.m2/repository/org/apache/maven/shared/maven-shared-utils/0.6/maven-shared-utils-0.6.jar:/Users/blashchukstas/.m2/repository/com/google/code/findbugs/jsr305/2.0.1/jsr305-2.0.1.jar:/Users/blashchukstas/.m2/repository/org/apache/maven/doxia/doxia-core/1.2/doxia-core-1.2.jar:/Users/blashchukstas/.m2/repository/xerces/xercesImpl/2.9.1/xercesImpl-2.9.1.jar:/Users/blashchukstas/.m2/repository/xml-apis/xml-apis/1.3.04/xml-apis-1.3.04.jar:/Users/blashchukstas/.m2/repository/org/apache/httpcomponents/httpclient/4.0.2/httpclient-4.0.2.jar:/Users/blashchukstas/.m2/repository/org/apache/httpcomponents/httpcore/4.0.1/httpcore-4.0.1.jar:/Users/blashchukstas/.m2/repository/commons-codec/commons-codec/1.3/commons-codec-1.3.jar:/Users/blashchukstas/.m2/repository/commons-validator/commons-validator/1.3.1/commons-validator-1.3.1.jar:/Users/blashchukstas/.m2/repository/commons-digester/commons-digester/1.6/commons-digester-1.6.jar:/Users/blashchukstas/.m2/repository/commons-logging/commons-logging/1.0.4/commons-logging-1.0.4.jar:/Users/blashchukstas/.m2/repository/org/apache/maven/doxia/doxia-sink-api/1.4/doxia-sink-api-1.4.jar:/Users/blashchukstas/.m2/repository/org/apache/maven/doxia/doxia-logging-api/1.4/doxia-logging-api-1.4.jar:/Users/blashchukstas/.m2/repository/org/apache/maven/doxia/doxia-decoration-model/1.4/doxia-decoration-model-1.4.jar:/Users/blashchukstas/.m2/repository/org/apache/maven/doxia/doxia-site-renderer/1.4/doxia-site-renderer-1.4.jar:/Users/blashchukstas/.m2/repository/org/apache/maven/doxia/doxia-module-xhtml/1.4/doxia-module-xhtml-1.4.jar:/Users/blashchukstas/.m2/repository/org/apache/maven/doxia/doxia-module-fml/1.4/doxia-module-fml-1.4.jar:/Users/blashchukstas/.m2/repository/org/codehaus/plexus/plexus-i18n/1.0-beta-7/plexus-i18n-1.0-beta-7.jar:/Users/blashchukstas/.m2/repository/org/apache/velocity/velocity-tools/2.0/velocity-tools-2.0.jar:/Users/blashchukstas/.m2/repository/commons-chain/commons-chain/1.1/commons-chain-1.1.jar:/Users/blashchukstas/.m2/repository/dom4j/dom4j/1.1/dom4j-1.1.jar:/Users/blashchukstas/.m2/repository/oro/oro/2.0.8/oro-2.0.8.jar:/Users/blashchukstas/.m2/repository/sslext/sslext/1.2-0/sslext-1.2-0.jar:/Users/blashchukstas/.m2/repository/org/apache/struts/struts-core/1.3.8/struts-core-1.3.8.jar:/Users/blashchukstas/.m2/repository/org/apache/struts/struts-taglib/1.3.8/struts-taglib-1.3.8.jar:/Users/blashchukstas/.m2/repository/org/apache/struts/struts-tiles/1.3.8/struts-tiles-1.3.8.jar:/Users/blashchukstas/.m2/repository/commons-collections/commons-collections/3.2.1/commons-collections-3.2.1.jar:/Users/blashchukstas/.m2/repository/org/apache/maven/doxia/doxia-integration-tools/1.6/doxia-integration-tools-1.6.jar:/Users/blashchukstas/.m2/repository/commons-io/commons-io/1.4/commons-io-1.4.jar:/Users/blashchukstas/.m2/repository/org/codehaus/plexus/plexus-container-default/1.0-alpha-9/plexus-container-default-1.0-alpha-9.jar:/Users/blashchukstas/.m2/repository/junit/junit/3.8.1/junit-3.8.1.jar:/Users/blashchukstas/.m2/repository/classworlds/classworlds/1.1-alpha-2/classworlds-1.1-alpha-2.jar:/Users/blashchukstas/.m2/repository/org/codehaus/plexus/plexus-component-annotations/2.0.0/plexus-component-annotations-2.0.0.jar:/Users/blashchukstas/.m2/repository/org/codehaus/plexus/plexus-resources/1.1.0/plexus-resources-1.1.0.jar:/Users/blashchukstas/.m2/repository/org/codehaus/plexus/plexus-utils/3.3.0/plexus-utils-3.3.0.jar:/Users/blashchukstas/.m2/repository/org/codehaus/plexus/plexus-interpolation/1.26/plexus-interpolation-1.26.jar:/Users/blashchukstas/.m2/repository/org/codehaus/plexus/plexus-velocity/1.2/plexus-velocity-1.2.jar:/Users/blashchukstas/.m2/repository/com/puppycrawl/tools/checkstyle/8.29/checkstyle-8.29.jar:/Users/blashchukstas/.m2/repository/info/picocli/picocli/4.1.4/picocli-4.1.4.jar:/Users/blashchukstas/.m2/repository/antlr/antlr/2.7.7/antlr-2.7.7.jar:/Users/blashchukstas/.m2/repository/org/antlr/antlr4-runtime/4.8-1/antlr4-runtime-4.8-1.jar:/Users/blashchukstas/.m2/repository/commons-beanutils/commons-beanutils/1.9.4/commons-beanutils-1.9.4.jar:/Users/blashchukstas/.m2/repository/com/google/guava/guava/28.2-jre/guava-28.2-jre.jar:/Users/blashchukstas/.m2/repository/com/google/guava/failureaccess/1.0.1/failureaccess-1.0.1.jar:/Users/blashchukstas/.m2/repository/com/google/guava/listenablefuture/9999.0-empty-to-avoid-conflict-with-guava/listenablefuture-9999.0-empty-to-avoid-conflict-with-guava.jar:/Users/blashchukstas/.m2/repository/org/checkerframework/checker-qual/2.10.0/checker-qual-2.10.0.jar:/Users/blashchukstas/.m2/repository/com/google/errorprone/error_prone_annotations/2.3.4/error_prone_annotations-2.3.4.jar:/Users/blashchukstas/.m2/repository/com/google/j2objc/j2objc-annotations/1.3/j2objc-annotations-1.3.jar:/Users/blashchukstas/.m2/repository/net/sf/saxon/Saxon-HE/9.9.1-6/Saxon-HE-9.9.1-6.jar:/Users/blashchukstas/.m2/repository/org/apache/velocity/velocity/1.7/velocity-1.7.jar:/Users/blashchukstas/.m2/repository/commons-lang/commons-lang/2.4/commons-lang-2.4.jar:/Users/blashchukstas/.m2/repository/javax/xml/bind/jaxb-api/2.3.1/jaxb-api-2.3.1.jar:/Users/blashchukstas/.m2/repository/javax/activation/javax.activation-api/1.2.0/javax.activation-api-1.2.0.jar:"/>
    <property name="sun.cpu.endian" value="little"/>
    <property name="user.home" value="/Users/blashchukstas"/>
    <property name="user.language" value="en"/>
    <property name="java.specification.vendor" value="Oracle Corporation"/>
    <property name="java.version.date" value="2023-01-17"/>
    <property name="java.home" value="/opt/homebrew/Cellar/openjdk/19.0.2/libexec/openjdk.jdk/Contents/Home"/>
    <property name="file.separator" value="/"/>
    <property name="basedir" value="/Users/blashchukstas/Desktop/AQA/Homework Automation/GitHub_Project"/>
    <property name="java.vm.compressedOopsMode" value="Zero based"/>
    <property name="line.separator" value="&#10;"/>
    <property name="java.vm.specification.vendor" value="Oracle Corporation"/>
    <property name="java.specification.name" value="Java Platform API Specification"/>
    <property name="apple.awt.application.name" value="ForkedBooter"/>
    <property name="surefire.real.class.path" value="/Users/blashchukstas/Desktop/AQA/Homework Automation/GitHub_Project/target/surefire/surefirebooter-20230226120348739_3.jar"/>
    <property name="sun.management.compiler" value="HotSpot 64-Bit Tiered Compilers"/>
    <property name="ftp.nonProxyHosts" value="local|*.local|169.254/16|*.169.254/16"/>
    <property name="java.runtime.version" value="19.0.2"/>
    <property name="user.name" value="blashchukstas"/>
    <property name="stdout.encoding" value="UTF-8"/>
    <property name="path.separator" value=":"/>
    <property name="os.version" value="13.0.1"/>
    <property name="java.runtime.name" value="OpenJDK Runtime Environment"/>
    <property name="file.encoding" value="UTF-8"/>
    <property name="java.vm.name" value="OpenJDK 64-Bit Server VM"/>
    <property name="java.vendor.version" value="Homebrew"/>
    <property name="localRepository" value="/Users/blashchukstas/.m2/repository"/>
    <property name="java.vendor.url.bug" value="https://github.com/Homebrew/homebrew-core/issues"/>
    <property name="java.io.tmpdir" value="/var/folders/b7/57l6c1l94jjgy33_ckkywr3h0000gn/T/"/>
    <property name="java.version" value="19.0.2"/>
    <property name="user.dir" value="/Users/blashchukstas/Desktop/AQA/Homework Automation/GitHub_Project"/>
    <property name="os.arch" value="aarch64"/>
    <property name="java.vm.specification.name" value="Java Virtual Machine Specification"/>
    <property name="native.encoding" value="UTF-8"/>
    <property name="java.library.path" value="/Users/blashchukstas/Library/Java/Extensions:/Library/Java/Extensions:/Network/Library/Java/Extensions:/System/Library/Java/Extensions:/usr/lib/java:."/>
    <property name="java.vm.info" value="mixed mode, sharing"/>
    <property name="stderr.encoding" value="UTF-8"/>
    <property name="java.vendor" value="Homebrew"/>
    <property name="java.vm.version" value="19.0.2"/>
    <property name="sun.io.unicode.encoding" value="UnicodeBig"/>
    <property name="socksNonProxyHosts" value="local|*.local|169.254/16|*.169.254/16"/>
    <property name="java.class.version" value="63.0"/>
  </properties>
  <testcase name="adding[1, 2, 3](1)" classname="Calculation" time="0.002">
    <system-out><![CDATA[Testing starts.
Testing of adding starts.
Testing of adding is completed.
]]></system-out>
  </testcase>
  <testcase name="adding[2, 4, 6](2)" classname="Calculation" time="0">
    <system-out><![CDATA[Testing of adding starts.
Testing of adding is completed.
]]></system-out>
  </testcase>
  <testcase name="adding[9, 0, 9](3)" classname="Calculation" time="0">
    <system-out><![CDATA[Testing of adding starts.
Testing of adding is completed.
]]></system-out>
  </testcase>
</testsuite>